<?xml version="1.0" encoding="UTF-8"?>
<!-- Generated by org.testng.reporters.JUnitReportReporter -->
<testsuite hostname="DESKTOP-H19J252" failures="0" tests="1" name="ultimateSQA.test1" time="0.094" errors="0" timestamp="2024-01-24T22:25:07 BDT" skipped="0">
  <testcase classname="ultimateSQA.test1" name="test" time="0.094"/>
</testsuite> <!-- ultimateSQA.test1 -->
