<?xml version="1.0" encoding="UTF-8"?>
<!-- Generated by org.testng.reporters.JUnitReportReporter -->
<testsuite hostname="DESKTOP-H19J252" failures="0" tests="3" name="tests.Test_Checkout" time="127.768" errors="0" timestamp="2024-01-28T13:38:21 BDT" skipped="0">
  <testcase classname="tests.Test_Checkout" name="functionalityOfDecreaseButton" time="48.141"/>
  <testcase classname="tests.Test_Checkout" name="validateProductIncreaseButtonFunctionality" time="38.915"/>
  <testcase classname="tests.Test_Checkout" name="functionalityOfDecreaseButtonWhenProductNumberIsOne" time="40.712"/>
</testsuite> <!-- tests.Test_Checkout -->
