<?xml version="1.0" encoding="UTF-8"?>
<!-- Generated by org.testng.reporters.JUnitReportReporter -->
<testsuite hostname="DESKTOP-H19J252" failures="0" tests="3" name="tests.Test_ContactUs" time="43.906" errors="0" timestamp="2024-01-28T13:38:21 BDT" skipped="0">
  <testcase classname="tests.Test_ContactUs" name="CheckingMessageSubmissionWithoutFullInput" time="12.728"/>
  <testcase classname="tests.Test_ContactUs" name="ValidatingSubmitMessage" time="14.650"/>
  <testcase classname="tests.Test_ContactUs" name="validatingTheNumberOfInputRequiredShowedInErrorMessage" time="16.528"/>
</testsuite> <!-- tests.Test_ContactUs -->
