<?xml version="1.0" encoding="UTF-8"?>
<!-- Generated by org.testng.reporters.JUnitReportReporter -->
<testsuite hostname="DESKTOP-H19J252" failures="0" tests="1" name="tests.Test_POMPage" time="34.821" errors="0" timestamp="2024-01-28T13:38:21 BDT" skipped="0">
  <testcase classname="tests.Test_POMPage" name="validationOfCommentSubmission" time="34.821"/>
</testsuite> <!-- tests.Test_POMPage -->
