<?xml version="1.0" encoding="UTF-8"?>
<!-- Generated by org.testng.reporters.JUnitReportReporter -->
<testsuite hostname="DESKTOP-H19J252" failures="0" tests="4" name="tests.Test_CoursesPage" time="111.495" errors="0" timestamp="2024-01-28T13:38:21 BDT" skipped="0">
  <testcase classname="tests.Test_CoursesPage" name="searchWithInvalidKeyword" time="24.931"/>
  <testcase classname="tests.Test_CoursesPage" name="validatingSearchWithEmptyInput" time="37.527"/>
  <testcase classname="tests.Test_CoursesPage" name="ValidateSearchFunctionalityWithValidKeyword" time="24.317"/>
  <testcase classname="tests.Test_CoursesPage" name="validateSearchReturnTheRightProducts" time="24.720"/>
</testsuite> <!-- tests.Test_CoursesPage -->
