<?xml version="1.0" encoding="UTF-8"?>
<!-- Generated by org.testng.reporters.JUnitReportReporter -->
<testsuite hostname="DESKTOP-H19J252" failures="0" tests="2" name="tests.Test_Course_Sele_WebDriver" time="66.304" errors="0" timestamp="2024-01-28T13:38:21 BDT" skipped="0">
  <testcase classname="tests.Test_Course_Sele_WebDriver" name="validationOfCourseSyllabus" time="28.108"/>
  <testcase classname="tests.Test_Course_Sele_WebDriver" name="validateCourseInfo" time="38.196"/>
</testsuite> <!-- tests.Test_Course_Sele_WebDriver -->
