<?xml version="1.0" encoding="UTF-8"?>
<!-- Generated by org.testng.reporters.JUnitReportReporter -->
<testsuite hostname="DESKTOP-H19J252" failures="0" tests="8" name="tests.Test_PractisePost" time="166.922" errors="0" timestamp="2024-01-28T13:38:21 BDT" skipped="0">
  <testcase classname="tests.Test_PractisePost" name="validationOfBlogTitle" time="26.962"/>
  <testcase classname="tests.Test_PractisePost" name="validateCommentNumber" time="11.411"/>
  <testcase classname="tests.Test_PractisePost" name="validationOfPostAuthor" time="11.057"/>
  <testcase classname="tests.Test_PractisePost" name="validationOfPostPage" time="18.481"/>
  <testcase classname="tests.Test_PractisePost" name="validationOfBlogPublishDate" time="12.885"/>
  <testcase classname="tests.Test_PractisePost" name="validationOfCommentSubmission" time="26.376"/>
  <testcase classname="tests.Test_PractisePost" name="validationOfDuplicateCommentCatcher" time="36.684"/>
  <testcase classname="tests.Test_PractisePost" name="checkingCommentSubmissionWithoutAnyInput" time="23.066"/>
</testsuite> <!-- tests.Test_PractisePost -->
